function Student(id , name, marks){
this.id = id;
this.name = name;
this.marks = marks;

}
Student.prototype.total = function(){
	var sum = 0;
	for(let mark of marks){
    sum+=mark;
}
return sum;
}
Student.prototype.per = function(){
	return this.total()/marks.length;
}
Student.prototype.grade = function(){
	return this.per()>90?"A Grade ":"B Grade ";
}
Student.prototype.report = function(){
	console.log(`Id is ${this.id} Name is ${this.name}`);
	console.log('Marks are  ');
	for(let mark of marks){
		console.log('Mark '+mark);    
}
console.log(`Total ${this.total()} Per ${this.per()} Grade ${this.grade()}`);
}
ƒ (){
	console.log(`Id is ${this.id} Name is ${this.name}`);
	console.log('Marks are  ');
	for(let mark of marks){
		console.log('Mark '+mark);    
}
console.log(`Total ${this.total()} Per ${this.per()…
var ram = new Student(1001, "Ram", [90,89,78]);
undefined
ram;
Student {id: 1001, name: "Ram", marks: Array(3)}
ram.report();
VM839:21 Id is 1001 Name is Ram
VM839:22 Marks are  
VM839:23 Uncaught ReferenceError: marks is not defined
    at Student.report (<anonymous>:23:18)
    at <anonymous>:1:5
Student.report @ VM839:23
(anonymous) @ VM930:1
function Student(id , name, marks){
this.id = id;
this.name = name;
this.marks = marks;

}
Student.prototype.total = function(){
	var sum = 0;
	for(let mark of marks){
    sum+=mark;
}
return sum;
}
Student.prototype.per = function(){
	return this.total()/marks.length;
}
Student.prototype.grade = function(){
	return this.per()>90?"A Grade ":"B Grade ";
}
Student.prototype.report = function(){
	console.log(`Id is ${this.id} Name is ${this.name}`);
	console.log('Marks are  ');
	for(let mark of this.marks){
		console.log('Mark '+mark);    
}
console.log(`Total ${this.total()} Per ${this.per()} Grade ${this.grade()}`);
}
ƒ (){
	console.log(`Id is ${this.id} Name is ${this.name}`);
	console.log('Marks are  ');
	for(let mark of this.marks){
		console.log('Mark '+mark);    
}
console.log(`Total ${this.total()} Per ${this.…
var ram = new Student(1001, "Ram", [90,89,78]);
undefined
ram.report();
VM954:21 Id is 1001 Name is Ram
VM954:22 Marks are  
VM954:24 Mark 90
VM954:24 Mark 89
VM954:24 Mark 78
VM954:9 Uncaught ReferenceError: marks is not defined
    at Student.total (<anonymous>:9:18)
    at Student.report (<anonymous>:26:27)
    at <anonymous>:1:5
Student.total @ VM954:9
Student.report @ VM954:26
(anonymous) @ VM965:1
function Student(id , name, marks){
this.id = id;
this.name = name;
this.marks = marks;

}
Student.prototype.total = function(){
	var sum = 0;
	for(let mark of this.marks){
    sum+=mark;
}
return sum;
}
Student.prototype.per = function(){
	return this.total()/this.marks.length;
}
Student.prototype.grade = function(){
	return this.per()>90?"A Grade ":"B Grade ";
}
Student.prototype.report = function(){
	console.log(`Id is ${this.id} Name is ${this.name}`);
	console.log('Marks are  ');
	for(let mark of this.marks){
		console.log('Mark '+mark);    
}
console.log(`Total ${this.total()} Per ${this.per()} Grade ${this.grade()}`);
}
ƒ (){
	console.log(`Id is ${this.id} Name is ${this.name}`);
	console.log('Marks are  ');
	for(let mark of this.marks){
		console.log('Mark '+mark);    
}
console.log(`Total ${this.total()} Per ${this.…
var ram = new Student(1001, "Ram", [90,89,78]);
undefined
ram.report();
VM981:21 Id is 1001 Name is Ram
VM981:22 Marks are  
VM981:24 Mark 90
VM981:24 Mark 89
VM981:24 Mark 78
VM981:26 Total 257 Per 85.66666666666667 Grade B Grade 
undefined
ram.per();
85.66666666666667
